  GameManager.cpp
E:\NTUST\CG\Reversi\Reversi\Viewer.h(15,23): warning C4244: '正在初始化': 將 'int' 轉換為 'float'，由於類型不同，可能導致資料遺失
E:\NTUST\CG\Reversi\Reversi\Viewer.h(15,29): warning C4244: '正在初始化': 將 'int' 轉換為 'float'，由於類型不同，可能導致資料遺失
E:\NTUST\CG\Reversi\Reversi\Viewer.h(20,16): warning C4244: '=': 將 'const int' 轉換為 'float'，由於類型不同，可能導致資料遺失
E:\NTUST\CG\Reversi\Reversi\Viewer.h(21,16): warning C4244: '=': 將 'const int' 轉換為 'float'，由於類型不同，可能導致資料遺失
E:\NTUST\CG\Reversi\Reversi\Viewer.h(25,16): warning C4244: '=': 將 'const int' 轉換為 'float'，由於類型不同，可能導致資料遺失
E:\NTUST\CG\Reversi\Reversi\Viewer.h(26,16): warning C4244: '=': 將 'const int' 轉換為 'float'，由於類型不同，可能導致資料遺失
E:\NTUST\CG\Reversi\Reversi\GameManager.cpp(100,14): warning C4244: '引數': 將 'time_t' 轉換為 'unsigned int'，由於類型不同，可能導致資料遺失
E:\NTUST\CG\Reversi\Reversi\GameManager.cpp(124,40): warning C4267: '正在初始化': 將 'size_t' 轉換為 'int'，資料可能遺失
  Viewer.cpp
E:\NTUST\CG\Reversi\Reversi\Viewer.h(15,23): warning C4244: '正在初始化': 將 'int' 轉換為 'float'，由於類型不同，可能導致資料遺失
E:\NTUST\CG\Reversi\Reversi\Viewer.h(15,29): warning C4244: '正在初始化': 將 'int' 轉換為 'float'，由於類型不同，可能導致資料遺失
E:\NTUST\CG\Reversi\Reversi\Viewer.h(20,16): warning C4244: '=': 將 'const int' 轉換為 'float'，由於類型不同，可能導致資料遺失
E:\NTUST\CG\Reversi\Reversi\Viewer.h(21,16): warning C4244: '=': 將 'const int' 轉換為 'float'，由於類型不同，可能導致資料遺失
E:\NTUST\CG\Reversi\Reversi\Viewer.h(25,16): warning C4244: '=': 將 'const int' 轉換為 'float'，由於類型不同，可能導致資料遺失
E:\NTUST\CG\Reversi\Reversi\Viewer.h(26,16): warning C4244: '=': 將 'const int' 轉換為 'float'，由於類型不同，可能導致資料遺失
E:\NTUST\CG\Reversi\Reversi\Viewer.cpp(27,67): warning C4244: '引數': 將 'float' 轉換為 'T'，由於類型不同，可能導致資料遺失
          with
          [
              T=int
          ]
E:\NTUST\CG\Reversi\Reversi\Viewer.cpp(27,47): warning C4244: '引數': 將 'float' 轉換為 'T'，由於類型不同，可能導致資料遺失
          with
          [
              T=int
          ]
E:\NTUST\CG\Reversi\Reversi\Viewer.cpp(27,31): warning C4244: '引數': 將 'float' 轉換為 'T'，由於類型不同，可能導致資料遺失
          with
          [
              T=int
          ]
E:\NTUST\CG\Reversi\Reversi\Viewer.cpp(27,24): warning C4244: '引數': 將 'float' 轉換為 'T'，由於類型不同，可能導致資料遺失
          with
          [
              T=int
          ]
E:\NTUST\CG\Reversi\Reversi\Viewer.cpp(166,28): warning C4305: '引數': 從 'double' 轉換為 'float'，是由較大的類型轉換為較小的類型，可能導致資料遺失
E:\NTUST\CG\Reversi\Reversi\Viewer.cpp(167,29): warning C4305: '引數': 從 'double' 轉換為 'float'，是由較大的類型轉換為較小的類型，可能導致資料遺失
E:\NTUST\CG\Reversi\Reversi\Viewer.cpp(178,27): warning C4305: '引數': 從 'double' 轉換為 'float'，是由較大的類型轉換為較小的類型，可能導致資料遺失
E:\NTUST\CG\Reversi\Reversi\Viewer.cpp(179,28): warning C4305: '引數': 從 'double' 轉換為 'float'，是由較大的類型轉換為較小的類型，可能導致資料遺失
E:\NTUST\CG\Reversi\Reversi\Viewer.cpp(190,27): warning C4305: '引數': 從 'double' 轉換為 'float'，是由較大的類型轉換為較小的類型，可能導致資料遺失
E:\NTUST\CG\Reversi\Reversi\Viewer.cpp(191,28): warning C4305: '引數': 從 'double' 轉換為 'float'，是由較大的類型轉換為較小的類型，可能導致資料遺失
E:\NTUST\CG\Reversi\Reversi\Viewer.cpp(229,31): warning C4244: '引數': 將 'int' 轉換為 'float'，由於類型不同，可能導致資料遺失
E:\NTUST\CG\Reversi\Reversi\Viewer.cpp(237,35): warning C4244: '引數': 將 'int' 轉換為 'float'，由於類型不同，可能導致資料遺失
E:\NTUST\CG\Reversi\Reversi\Viewer.cpp(246,39): warning C4244: '引數': 將 'int' 轉換為 'float'，由於類型不同，可能導致資料遺失
E:\NTUST\CG\Reversi\Reversi\Viewer.cpp(251,38): warning C4244: '引數': 將 'int' 轉換為 'float'，由於類型不同，可能導致資料遺失
E:\NTUST\CG\Reversi\Reversi\Viewer.cpp(255,28): warning C4305: '引數': 從 'double' 轉換為 'float'，是由較大的類型轉換為較小的類型，可能導致資料遺失
E:\NTUST\CG\Reversi\Reversi\Viewer.cpp(263,24): warning C4305: '引數': 從 'double' 轉換為 'float'，是由較大的類型轉換為較小的類型，可能導致資料遺失
E:\NTUST\CG\Reversi\Reversi\Viewer.cpp(304,28): warning C4305: '引數': 從 'double' 轉換為 'float'，是由較大的類型轉換為較小的類型，可能導致資料遺失
E:\NTUST\CG\Reversi\Reversi\Viewer.cpp(313,27): warning C4305: '引數': 從 'double' 轉換為 'float'，是由較大的類型轉換為較小的類型，可能導致資料遺失
  正在產生程式碼
  8 of 410 functions ( 2.0%) were compiled, the rest were copied from previous compilation.
    0 functions were new in current compilation
    0 functions had inline decision re-evaluated but remain unchanged
  已完成程式碼產生
  Reversi.vcxproj -> E:\NTUST\CG\Reversi\x64\Release\Reversi.exe
